2023-05-13 12:46:29 INFO  Log:17 - *****************************
2023-05-13 12:46:29 INFO  Log:18 - *****************************
2023-05-13 12:46:29 INFO  Log:19 - ********This is the beginning of my Test case**********
2023-05-13 12:46:29 INFO  Log:32 - My test case is executing right now
2023-05-13 12:46:29 INFO  Log:37 - My test case might have some trivial issues
2023-05-13 12:46:35 INFO  Log:32 - This test case is about to get completed
2023-05-13 12:46:35 INFO  Log:25 - ######################################
2023-05-13 12:46:35 INFO  Log:26 - ######################################
2023-05-13 12:46:35 INFO  Log:27 - #################This test case is finished#####################
2023-05-24 21:14:30 INFO  Log:17 - *****************************
2023-05-24 21:14:30 INFO  Log:18 - *****************************
2023-05-24 21:14:30 INFO  Log:19 - ********This is the beginning of my Test case**********
2023-05-24 21:14:30 INFO  Log:32 - My test case is executing right now
2023-05-24 21:14:30 INFO  Log:37 - My test case might have some trivial issues
2023-05-24 21:14:31 INFO  Log:32 - This test case is about to get completed
2023-05-24 21:14:31 INFO  Log:25 - ######################################
2023-05-24 21:14:31 INFO  Log:26 - ######################################
2023-05-24 21:14:31 INFO  Log:27 - #################This test case is finished#####################
2023-05-24 21:41:05 INFO  Log:17 - *****************************
2023-05-24 21:41:05 INFO  Log:18 - *****************************
2023-05-24 21:41:05 INFO  Log:19 - ********This is the beginning of my Test case**********
2023-05-24 21:41:05 INFO  Log:32 - My test case is executing right now
2023-05-24 21:41:05 INFO  Log:37 - My test case might have some trivial issues
2023-05-24 21:41:05 INFO  Log:32 - This test case is about to get completed
2023-05-24 21:41:05 INFO  Log:25 - ######################################
2023-05-24 21:41:05 INFO  Log:26 - ######################################
2023-05-24 21:41:05 INFO  Log:27 - #################This test case is finished#####################
2023-05-24 21:41:26 INFO  Log:17 - *****************************
2023-05-24 21:41:26 INFO  Log:18 - *****************************
2023-05-24 21:41:26 INFO  Log:19 - ********This is the beginning of my Test case**********
2023-05-24 21:41:26 INFO  Log:32 - My test case is executing right now
2023-05-24 21:41:26 INFO  Log:37 - My test case might have some trivial issues
